<?xml version="1.0" encoding="UTF-8"?>
<!-- Generated by org.testng.reporters.JUnitXMLReporter -->
<testsuite ignored="0" hostname="Subhams-Laptop.local" failures="0" tests="3" name="Default test" time="30.286" errors="0" timestamp="2024-08-04T00:34:27 IST">
  <testcase classname="FitPeo_Task1.FitPeo_Task1.HomePage_Automation" name="Rev_Cal_Page" time="12.125"/>
  <testcase classname="FitPeo_Task1.FitPeo_Task1.HomePage_Automation" name="validation1" time="0.015"/>
  <testcase classname="FitPeo_Task1.FitPeo_Task1.HomePage_Automation" name="validation2" time="7.359"/>
</testsuite> <!-- Default test -->
